<?xml version="1.0" encoding="UTF-8"?>
<!-- Generated by org.testng.reporters.JUnitReportReporter -->
<testsuite hostname="Meenu" failures="0" tests="5" name="POTestcases.FBRegistrationPageTestCase" time="9.221" errors="1" timestamp="2024-12-07T17:59:50 EST" skipped="3">
  <testcase classname="POTestcases.FBRegistrationPageTestCase" name="FBRegistrationPageTestCase" time="3.281">
    <skipped/>
  </testcase> <!-- FBRegistrationPageTestCase -->
  <testcase classname="POTestcases.FBRegistrationPageTestCase" name="FBRegistrationPageTestCase" time="4.538"/>
  <testcase classname="POTestcases.FBRegistrationPageTestCase" name="FBRegistrationPageTestCase" time="0.001">
    <skipped/>
  </testcase> <!-- FBRegistrationPageTestCase -->
  <testcase classname="POTestcases.FBRegistrationPageTestCase" name="afterMethod" time="1.401">
    <error type="java.lang.StackOverflowError">
      <![CDATA[java.lang.StackOverflowError
at java.base/java.util.stream.ReferencePipeline$3$1.accept(ReferencePipeline.java:197)
at java.base/java.util.stream.ReferencePipeline$2$1.accept(ReferencePipeline.java:179)
at java.base/java.util.Spliterators$ArraySpliterator.forEachRemaining(Spliterators.java:992)
at java.base/java.util.stream.AbstractPipeline.copyInto(AbstractPipeline.java:509)
at java.base/java.util.stream.AbstractPipeline.wrapAndCopyInto(AbstractPipeline.java:499)
at java.base/java.util.stream.ReduceOps$ReduceOp.evaluateSequential(ReduceOps.java:921)
at java.base/java.util.stream.AbstractPipeline.evaluate(AbstractPipeline.java:234)
at java.base/java.util.stream.ReferencePipeline.reduce(ReferencePipeline.java:662)
at org.openqa.selenium.WebDriverException.getDriverName(WebDriverException.java:124)
at org.openqa.selenium.WebDriverException.lambda$getAdditionalInformation$5(WebDriverException.java:134)
at java.base/java.util.concurrent.ConcurrentHashMap.computeIfAbsent(ConcurrentHashMap.java:1708)
at org.openqa.selenium.WebDriverException.getAdditionalInformation(WebDriverException.java:133)
at org.openqa.selenium.WebDriverException.createMessage(WebDriverException.java:88)
at org.openqa.selenium.WebDriverException.getMessage(WebDriverException.java:64)
at org.openqa.selenium.remote.RemoteWebDriver.execute(RemoteWebDriver.java:557)
at org.openqa.selenium.remote.RemoteWebDriver.execute(RemoteWebDriver.java:618)
at org.openqa.selenium.remote.RemoteWebDriver.execute(RemoteWebDriver.java:622)
at org.openqa.selenium.remote.RemoteWebDriver.getScreenshotAs(RemoteWebDriver.java:334)
at Wrappers.HybridGenericWrappers.takeSnap(HybridGenericWrappers.java:658)
at util.reporting.reportStep(reporting.java:33)
at Wrappers.HybridGenericWrappers.takeSnap(HybridGenericWrappers.java:668)
at util.reporting.reportStep(reporting.java:33)
at Wrappers.HybridGenericWrappers.takeSnap(HybridGenericWrappers.java:668)
at util.reporting.reportStep(reporting.java:33)
at Wrappers.HybridGenericWrappers.takeSnap(HybridGenericWrappers.java:668)
at util.reporting.reportStep(reporting.java:33)
at Wrappers.HybridGenericWrappers.takeSnap(HybridGenericWrappers.java:668)
at util.reporting.reportStep(reporting.java:33)
at Wrappers.HybridGenericWrappers.takeSnap(HybridGenericWrappers.java:668)
at util.reporting.reportStep(reporting.java:33)
at Wrappers.HybridGenericWrappers.takeSnap(HybridGenericWrappers.java:668)
at util.reporting.reportStep(reporting.java:33)
at Wrappers.HybridGenericWrappers.takeSnap(HybridGenericWrappers.java:668)
at util.reporting.reportStep(reporting.java:33)
at Wrappers.HybridGenericWrappers.takeSnap(HybridGenericWrappers.java:668)
at util.reporting.reportStep(reporting.java:33)
at Wrappers.HybridGenericWrappers.takeSnap(HybridGenericWrappers.java:668)
at util.reporting.reportStep(reporting.java:33)
at Wrappers.HybridGenericWrappers.takeSnap(HybridGenericWrappers.java:668)
at util.reporting.reportStep(reporting.java:33)
at Wrappers.HybridGenericWrappers.takeSnap(HybridGenericWrappers.java:668)
at util.reporting.reportStep(reporting.java:33)
at Wrappers.HybridGenericWrappers.takeSnap(HybridGenericWrappers.java:668)
at util.reporting.reportStep(reporting.java:33)
at Wrappers.HybridGenericWrappers.takeSnap(HybridGenericWrappers.java:668)
at util.reporting.reportStep(reporting.java:33)
at Wrappers.HybridGenericWrappers.takeSnap(HybridGenericWrappers.java:668)
at util.reporting.reportStep(reporting.java:33)
at Wrappers.HybridGenericWrappers.takeSnap(HybridGenericWrappers.java:668)
at util.reporting.reportStep(reporting.java:33)
at Wrappers.HybridGenericWrappers.takeSnap(HybridGenericWrappers.java:668)
at util.reporting.reportStep(reporting.java:33)
at Wrappers.HybridGenericWrappers.takeSnap(HybridGenericWrappers.java:668)
at util.reporting.reportStep(reporting.java:33)
at Wrappers.HybridGenericWrappers.takeSnap(HybridGenericWrappers.java:668)
at util.reporting.reportStep(reporting.java:33)
at Wrappers.HybridGenericWrappers.takeSnap(HybridGenericWrappers.java:668)
at util.reporting.reportStep(reporting.java:33)
at Wrappers.HybridGenericWrappers.takeSnap(HybridGenericWrappers.java:668)
at util.reporting.reportStep(reporting.java:33)
at Wrappers.HybridGenericWrappers.takeSnap(HybridGenericWrappers.java:668)
at util.reporting.reportStep(reporting.java:33)
at Wrappers.HybridGenericWrappers.takeSnap(HybridGenericWrappers.java:668)
at util.reporting.reportStep(reporting.java:33)
at Wrappers.HybridGenericWrappers.takeSnap(HybridGenericWrappers.java:668)
at util.reporting.reportStep(reporting.java:33)
at Wrappers.HybridGenericWrappers.takeSnap(HybridGenericWrappers.java:668)
at util.reporting.reportStep(reporting.java:33)
at Wrappers.HybridGenericWrappers.takeSnap(HybridGenericWrappers.java:668)
at util.reporting.reportStep(reporting.java:33)
at Wrappers.HybridGenericWrappers.takeSnap(HybridGenericWrappers.java:668)
at util.reporting.reportStep(reporting.java:33)
at Wrappers.HybridGenericWrappers.takeSnap(HybridGenericWrappers.java:668)
at util.reporting.reportStep(reporting.java:33)
at Wrappers.HybridGenericWrappers.takeSnap(HybridGenericWrappers.java:668)
at util.reporting.reportStep(reporting.java:33)
at Wrappers.HybridGenericWrappers.takeSnap(HybridGenericWrappers.java:668)
at util.reporting.reportStep(reporting.java:33)
at Wrappers.HybridGenericWrappers.takeSnap(HybridGenericWrappers.java:668)
at util.reporting.reportStep(reporting.java:33)
at Wrappers.HybridGenericWrappers.takeSnap(HybridGenericWrappers.java:668)
at util.reporting.reportStep(reporting.java:33)
at Wrappers.HybridGenericWrappers.takeSnap(HybridGenericWrappers.java:668)
at util.reporting.reportStep(reporting.java:33)
at Wrappers.HybridGenericWrappers.takeSnap(HybridGenericWrappers.java:668)
at util.reporting.reportStep(reporting.java:33)
at Wrappers.HybridGenericWrappers.takeSnap(HybridGenericWrappers.java:668)
at util.reporting.reportStep(reporting.java:33)
at Wrappers.HybridGenericWrappers.takeSnap(HybridGenericWrappers.java:668)
at util.reporting.reportStep(reporting.java:33)
at Wrappers.HybridGenericWrappers.takeSnap(HybridGenericWrappers.java:668)
at util.reporting.reportStep(reporting.java:33)
at Wrappers.HybridGenericWrappers.takeSnap(HybridGenericWrappers.java:668)
at util.reporting.reportStep(reporting.java:33)
at Wrappers.HybridGenericWrappers.takeSnap(HybridGenericWrappers.java:668)
at util.reporting.reportStep(reporting.java:33)
at Wrappers.HybridGenericWrappers.takeSnap(HybridGenericWrappers.java:668)
at util.reporting.reportStep(reporting.java:33)
at Wrappers.HybridGenericWrappers.takeSnap(HybridGenericWrappers.java:668)
at util.reporting.reportStep(reporting.java:33)
at Wrappers.HybridGenericWrappers.takeSnap(HybridGenericWrappers.java:668)
at util.reporting.reportStep(reporting.java:33)
at Wrappers.HybridGenericWrappers.takeSnap(HybridGenericWrappers.java:668)
at util.reporting.reportStep(reporting.java:33)
at Wrappers.HybridGenericWrappers.takeSnap(HybridGenericWrappers.java:668)
at util.reporting.reportStep(reporting.java:33)
at Wrappers.HybridGenericWrappers.takeSnap(HybridGenericWrappers.java:668)
at util.reporting.reportStep(reporting.java:33)
at Wrappers.HybridGenericWrappers.takeSnap(HybridGenericWrappers.java:668)
at util.reporting.reportStep(reporting.java:33)
at Wrappers.HybridGenericWrappers.takeSnap(HybridGenericWrappers.java:668)
at util.reporting.reportStep(reporting.java:33)
at Wrappers.HybridGenericWrappers.takeSnap(HybridGenericWrappers.java:668)
at util.reporting.reportStep(reporting.java:33)
at Wrappers.HybridGenericWrappers.takeSnap(HybridGenericWrappers.java:668)
at util.reporting.reportStep(reporting.java:33)
at Wrappers.HybridGenericWrappers.takeSnap(HybridGenericWrappers.java:668)
at util.reporting.reportStep(reporting.java:33)
at Wrappers.HybridGenericWrappers.takeSnap(HybridGenericWrappers.java:668)
at util.reporting.reportStep(reporting.java:33)
at Wrappers.HybridGenericWrappers.takeSnap(HybridGenericWrappers.java:668)
at util.reporting.reportStep(reporting.java:33)
at Wrappers.HybridGenericWrappers.takeSnap(HybridGenericWrappers.java:668)
at util.reporting.reportStep(reporting.java:33)
at Wrappers.HybridGenericWrappers.takeSnap(HybridGenericWrappers.java:668)
at util.reporting.reportStep(reporting.java:33)
at Wrappers.HybridGenericWrappers.takeSnap(HybridGenericWrappers.java:668)
at util.reporting.reportStep(reporting.java:33)
at Wrappers.HybridGenericWrappers.takeSnap(HybridGenericWrappers.java:668)
at util.reporting.reportStep(reporting.java:33)
at Wrappers.HybridGenericWrappers.takeSnap(HybridGenericWrappers.java:668)
at util.reporting.reportStep(reporting.java:33)
at Wrappers.HybridGenericWrappers.takeSnap(HybridGenericWrappers.java:668)
at util.reporting.reportStep(reporting.java:33)
at Wrappers.HybridGenericWrappers.takeSnap(HybridGenericWrappers.java:668)
at util.reporting.reportStep(reporting.java:33)
at Wrappers.HybridGenericWrappers.takeSnap(HybridGenericWrappers.java:668)
at util.reporting.reportStep(reporting.java:33)
at Wrappers.HybridGenericWrappers.takeSnap(HybridGenericWrappers.java:668)
at util.reporting.reportStep(reporting.java:33)
at Wrappers.HybridGenericWrappers.takeSnap(HybridGenericWrappers.java:668)
at util.reporting.reportStep(reporting.java:33)
at Wrappers.HybridGenericWrappers.takeSnap(HybridGenericWrappers.java:668)
at util.reporting.reportStep(reporting.java:33)
at Wrappers.HybridGenericWrappers.takeSnap(HybridGenericWrappers.java:668)
at util.reporting.reportStep(reporting.java:33)
at Wrappers.HybridGenericWrappers.takeSnap(HybridGenericWrappers.java:668)
at util.reporting.reportStep(reporting.java:33)
at Wrappers.HybridGenericWrappers.takeSnap(HybridGenericWrappers.java:668)
at util.reporting.reportStep(reporting.java:33)
at Wrappers.HybridGenericWrappers.takeSnap(HybridGenericWrappers.java:668)
at util.reporting.reportStep(reporting.java:33)
at Wrappers.HybridGenericWrappers.takeSnap(HybridGenericWrappers.java:668)
at util.reporting.reportStep(reporting.java:33)
at Wrappers.HybridGenericWrappers.takeSnap(HybridGenericWrappers.java:668)
at util.reporting.reportStep(reporting.java:33)
at Wrappers.HybridGenericWrappers.takeSnap(HybridGenericWrappers.java:668)
at util.reporting.reportStep(reporting.java:33)
at Wrappers.HybridGenericWrappers.takeSnap(HybridGenericWrappers.java:668)
at util.reporting.reportStep(reporting.java:33)
at Wrappers.HybridGenericWrappers.takeSnap(HybridGenericWrappers.java:668)
at util.reporting.reportStep(reporting.java:33)
at Wrappers.HybridGenericWrappers.takeSnap(HybridGenericWrappers.java:668)
at util.reporting.reportStep(reporting.java:33)
at Wrappers.HybridGenericWrappers.takeSnap(HybridGenericWrappers.java:668)
at util.reporting.reportStep(reporting.java:33)
at Wrappers.HybridGenericWrappers.takeSnap(HybridGenericWrappers.java:668)
at util.reporting.reportStep(reporting.java:33)
at Wrappers.HybridGenericWrappers.takeSnap(HybridGenericWrappers.java:668)
at util.reporting.reportStep(reporting.java:33)
at Wrappers.HybridGenericWrappers.takeSnap(HybridGenericWrappers.java:668)
at util.reporting.reportStep(reporting.java:33)
at Wrappers.HybridGenericWrappers.takeSnap(HybridGenericWrappers.java:668)
at util.reporting.reportStep(reporting.java:33)
at Wrappers.HybridGenericWrappers.takeSnap(HybridGenericWrappers.java:668)
at util.reporting.reportStep(reporting.java:33)
at Wrappers.HybridGenericWrappers.takeSnap(HybridGenericWrappers.java:668)
at util.reporting.reportStep(reporting.java:33)
at Wrappers.HybridGenericWrappers.takeSnap(HybridGenericWrappers.java:668)
at util.reporting.reportStep(reporting.java:33)
at Wrappers.HybridGenericWrappers.takeSnap(HybridGenericWrappers.java:668)
at util.reporting.reportStep(reporting.java:33)
at Wrappers.HybridGenericWrappers.takeSnap(HybridGenericWrappers.java:668)
at util.reporting.reportStep(reporting.java:33)
at Wrappers.HybridGenericWrappers.takeSnap(HybridGenericWrappers.java:668)
at util.reporting.reportStep(reporting.java:33)
at Wrappers.HybridGenericWrappers.takeSnap(HybridGenericWrappers.java:668)
at util.reporting.reportStep(reporting.java:33)
at Wrappers.HybridGenericWrappers.takeSnap(HybridGenericWrappers.java:668)
at util.reporting.reportStep(reporting.java:33)
at Wrappers.HybridGenericWrappers.takeSnap(HybridGenericWrappers.java:668)
at util.reporting.reportStep(reporting.java:33)
at Wrappers.HybridGenericWrappers.takeSnap(HybridGenericWrappers.java:668)
at util.reporting.reportStep(reporting.java:33)
at Wrappers.HybridGenericWrappers.takeSnap(HybridGenericWrappers.java:668)
at util.reporting.reportStep(reporting.java:33)
at Wrappers.HybridGenericWrappers.takeSnap(HybridGenericWrappers.java:668)
at util.reporting.reportStep(reporting.java:33)
at Wrappers.HybridGenericWrappers.takeSnap(HybridGenericWrappers.java:668)
at util.reporting.reportStep(reporting.java:33)
at Wrappers.HybridGenericWrappers.takeSnap(HybridGenericWrappers.java:668)
at util.reporting.reportStep(reporting.java:33)
at Wrappers.HybridGenericWrappers.takeSnap(HybridGenericWrappers.java:668)
at util.reporting.reportStep(reporting.java:33)
at Wrappers.HybridGenericWrappers.takeSnap(HybridGenericWrappers.java:668)
at util.reporting.reportStep(reporting.java:33)
at Wrappers.HybridGenericWrappers.takeSnap(HybridGenericWrappers.java:668)
at util.reporting.reportStep(reporting.java:33)
at Wrappers.HybridGenericWrappers.takeSnap(HybridGenericWrappers.java:668)
at util.reporting.reportStep(reporting.java:33)
at Wrappers.HybridGenericWrappers.takeSnap(HybridGenericWrappers.java:668)
at util.reporting.reportStep(reporting.java:33)
at Wrappers.HybridGenericWrappers.takeSnap(HybridGenericWrappers.java:668)
at util.reporting.reportStep(reporting.java:33)
at Wrappers.HybridGenericWrappers.takeSnap(HybridGenericWrappers.java:668)
at util.reporting.reportStep(reporting.java:33)
at Wrappers.HybridGenericWrappers.takeSnap(HybridGenericWrappers.java:668)
at util.reporting.reportStep(reporting.java:33)
at Wrappers.HybridGenericWrappers.takeSnap(HybridGenericWrappers.java:668)
at util.reporting.reportStep(reporting.java:33)
at Wrappers.HybridGenericWrappers.takeSnap(HybridGenericWrappers.java:668)
at util.reporting.reportStep(reporting.java:33)
at Wrappers.HybridGenericWrappers.takeSnap(HybridGenericWrappers.java:668)
at util.reporting.reportStep(reporting.java:33)
at Wrappers.HybridGenericWrappers.takeSnap(HybridGenericWrappers.java:668)
at util.reporting.reportStep(reporting.java:33)
at Wrappers.HybridGenericWrappers.takeSnap(HybridGenericWrappers.java:668)
at util.reporting.reportStep(reporting.java:33)
at Wrappers.HybridGenericWrappers.takeSnap(HybridGenericWrappers.java:668)
at util.reporting.reportStep(reporting.java:33)
at Wrappers.HybridGenericWrappers.takeSnap(HybridGenericWrappers.java:668)
at util.reporting.reportStep(reporting.java:33)
at Wrappers.HybridGenericWrappers.takeSnap(HybridGenericWrappers.java:668)
at util.reporting.reportStep(reporting.java:33)
at Wrappers.HybridGenericWrappers.takeSnap(HybridGenericWrappers.java:668)
at util.reporting.reportStep(reporting.java:33)
at Wrappers.HybridGenericWrappers.takeSnap(HybridGenericWrappers.java:668)
at util.reporting.reportStep(reporting.java:33)
at Wrappers.HybridGenericWrappers.takeSnap(HybridGenericWrappers.java:668)
at util.reporting.reportStep(reporting.java:33)
at Wrappers.HybridGenericWrappers.takeSnap(HybridGenericWrappers.java:668)
at util.reporting.reportStep(reporting.java:33)
at Wrappers.HybridGenericWrappers.takeSnap(HybridGenericWrappers.java:668)
at util.reporting.reportStep(reporting.java:33)
at Wrappers.HybridGenericWrappers.takeSnap(HybridGenericWrappers.java:668)
at util.reporting.reportStep(reporting.java:33)
at Wrappers.HybridGenericWrappers.takeSnap(HybridGenericWrappers.java:668)
at util.reporting.reportStep(reporting.java:33)
at Wrappers.HybridGenericWrappers.takeSnap(HybridGenericWrappers.java:668)
at util.reporting.reportStep(reporting.java:33)
at Wrappers.HybridGenericWrappers.takeSnap(HybridGenericWrappers.java:668)
at util.reporting.reportStep(reporting.java:33)
at Wrappers.HybridGenericWrappers.takeSnap(HybridGenericWrappers.java:668)
at util.reporting.reportStep(reporting.java:33)
at Wrappers.HybridGenericWrappers.takeSnap(HybridGenericWrappers.java:668)
at util.reporting.reportStep(reporting.java:33)
at Wrappers.HybridGenericWrappers.takeSnap(HybridGenericWrappers.java:668)
at util.reporting.reportStep(reporting.java:33)
at Wrappers.HybridGenericWrappers.takeSnap(HybridGenericWrappers.java:668)
at util.reporting.reportStep(reporting.java:33)
at Wrappers.HybridGenericWrappers.takeSnap(HybridGenericWrappers.java:668)
at util.reporting.reportStep(reporting.java:33)
at Wrappers.HybridGenericWrappers.takeSnap(HybridGenericWrappers.java:668)
at util.reporting.reportStep(reporting.java:33)
at Wrappers.HybridGenericWrappers.takeSnap(HybridGenericWrappers.java:668)
at util.reporting.reportStep(reporting.java:33)
at Wrappers.HybridGenericWrappers.takeSnap(HybridGenericWrappers.java:668)
at util.reporting.reportStep(reporting.java:33)
at Wrappers.HybridGenericWrappers.takeSnap(HybridGenericWrappers.java:668)
at util.reporting.reportStep(reporting.java:33)
at Wrappers.HybridGenericWrappers.takeSnap(HybridGenericWrappers.java:668)
at util.reporting.reportStep(reporting.java:33)
at Wrappers.HybridGenericWrappers.takeSnap(HybridGenericWrappers.java:668)
at util.reporting.reportStep(reporting.java:33)
at Wrappers.HybridGenericWrappers.takeSnap(HybridGenericWrappers.java:668)
at util.reporting.reportStep(reporting.java:33)
at Wrappers.HybridGenericWrappers.takeSnap(HybridGenericWrappers.java:668)
at util.reporting.reportStep(reporting.java:33)
at Wrappers.HybridGenericWrappers.takeSnap(HybridGenericWrappers.java:668)
at util.reporting.reportStep(reporting.java:33)
at Wrappers.HybridGenericWrappers.takeSnap(HybridGenericWrappers.java:668)
at util.reporting.reportStep(reporting.java:33)
at Wrappers.HybridGenericWrappers.takeSnap(HybridGenericWrappers.java:668)
at util.reporting.reportStep(reporting.java:33)
at Wrappers.HybridGenericWrappers.takeSnap(HybridGenericWrappers.java:668)
at util.reporting.reportStep(reporting.java:33)
at Wrappers.HybridGenericWrappers.takeSnap(HybridGenericWrappers.java:668)
at util.reporting.reportStep(reporting.java:33)
at Wrappers.HybridGenericWrappers.takeSnap(HybridGenericWrappers.java:668)
at util.reporting.reportStep(reporting.java:33)
at Wrappers.HybridGenericWrappers.takeSnap(HybridGenericWrappers.java:668)
at util.reporting.reportStep(reporting.java:33)
at Wrappers.HybridGenericWrappers.takeSnap(HybridGenericWrappers.java:668)
at util.reporting.reportStep(reporting.java:33)
at Wrappers.HybridGenericWrappers.takeSnap(HybridGenericWrappers.java:668)
at util.reporting.reportStep(reporting.java:33)
at Wrappers.HybridGenericWrappers.takeSnap(HybridGenericWrappers.java:668)
at util.reporting.reportStep(reporting.java:33)
at Wrappers.HybridGenericWrappers.takeSnap(HybridGenericWrappers.java:668)
at util.reporting.reportStep(reporting.java:33)
at Wrappers.HybridGenericWrappers.takeSnap(HybridGenericWrappers.java:668)
at util.reporting.reportStep(reporting.java:33)
at Wrappers.HybridGenericWrappers.takeSnap(HybridGenericWrappers.java:668)
at util.reporting.reportStep(reporting.java:33)
at Wrappers.HybridGenericWrappers.takeSnap(HybridGenericWrappers.java:668)
at util.reporting.reportStep(reporting.java:33)
at Wrappers.HybridGenericWrappers.takeSnap(HybridGenericWrappers.java:668)
at util.reporting.reportStep(reporting.java:33)
at Wrappers.HybridGenericWrappers.takeSnap(HybridGenericWrappers.java:668)
at util.reporting.reportStep(reporting.java:33)
at Wrappers.HybridGenericWrappers.takeSnap(HybridGenericWrappers.java:668)
at util.reporting.reportStep(reporting.java:33)
at Wrappers.HybridGenericWrappers.takeSnap(HybridGenericWrappers.java:668)
at util.reporting.reportStep(reporting.java:33)
at Wrappers.HybridGenericWrappers.takeSnap(HybridGenericWrappers.java:668)
at util.reporting.reportStep(reporting.java:33)
at Wrappers.HybridGenericWrappers.takeSnap(HybridGenericWrappers.java:668)
at util.reporting.reportStep(reporting.java:33)
at Wrappers.HybridGenericWrappers.takeSnap(HybridGenericWrappers.java:668)
at util.reporting.reportStep(reporting.java:33)
at Wrappers.HybridGenericWrappers.takeSnap(HybridGenericWrappers.java:668)
at util.reporting.reportStep(reporting.java:33)
at Wrappers.HybridGenericWrappers.takeSnap(HybridGenericWrappers.java:668)
at util.reporting.reportStep(reporting.java:33)
at Wrappers.HybridGenericWrappers.takeSnap(HybridGenericWrappers.java:668)
at util.reporting.reportStep(reporting.java:33)
at Wrappers.HybridGenericWrappers.takeSnap(HybridGenericWrappers.java:668)
at util.reporting.reportStep(reporting.java:33)
at Wrappers.HybridGenericWrappers.takeSnap(HybridGenericWrappers.java:668)
at util.reporting.reportStep(reporting.java:33)
at Wrappers.HybridGenericWrappers.takeSnap(HybridGenericWrappers.java:668)
at util.reporting.reportStep(reporting.java:33)
at Wrappers.HybridGenericWrappers.takeSnap(HybridGenericWrappers.java:668)
at util.reporting.reportStep(reporting.java:33)
at Wrappers.HybridGenericWrappers.takeSnap(HybridGenericWrappers.java:668)
at util.reporting.reportStep(reporting.java:33)
at Wrappers.HybridGenericWrappers.takeSnap(HybridGenericWrappers.java:668)
at util.reporting.reportStep(reporting.java:33)
at Wrappers.HybridGenericWrappers.takeSnap(HybridGenericWrappers.java:668)
at util.reporting.reportStep(reporting.java:33)
at Wrappers.HybridGenericWrappers.takeSnap(HybridGenericWrappers.java:668)
at util.reporting.reportStep(reporting.java:33)
at Wrappers.HybridGenericWrappers.takeSnap(HybridGenericWrappers.java:668)
at util.reporting.reportStep(reporting.java:33)
at Wrappers.HybridGenericWrappers.takeSnap(HybridGenericWrappers.java:668)
at util.reporting.reportStep(reporting.java:33)
at Wrappers.HybridGenericWrappers.takeSnap(HybridGenericWrappers.java:668)
at util.reporting.reportStep(reporting.java:33)
at Wrappers.HybridGenericWrappers.takeSnap(HybridGenericWrappers.java:668)
at util.reporting.reportStep(reporting.java:33)
at Wrappers.HybridGenericWrappers.takeSnap(HybridGenericWrappers.java:668)
at util.reporting.reportStep(reporting.java:33)
at Wrappers.HybridGenericWrappers.takeSnap(HybridGenericWrappers.java:668)
at util.reporting.reportStep(reporting.java:33)
at Wrappers.HybridGenericWrappers.takeSnap(HybridGenericWrappers.java:668)
at util.reporting.reportStep(reporting.java:33)
at Wrappers.HybridGenericWrappers.takeSnap(HybridGenericWrappers.java:668)
at util.reporting.reportStep(reporting.java:33)
at Wrappers.HybridGenericWrappers.takeSnap(HybridGenericWrappers.java:668)
at util.reporting.reportStep(reporting.java:33)
at Wrappers.HybridGenericWrappers.takeSnap(HybridGenericWrappers.java:668)
at util.reporting.reportStep(reporting.java:33)
at Wrappers.HybridGenericWrappers.takeSnap(HybridGenericWrappers.java:668)
at util.reporting.reportStep(reporting.java:33)
at Wrappers.HybridGenericWrappers.takeSnap(HybridGenericWrappers.java:668)
at util.reporting.reportStep(reporting.java:33)
at Wrappers.HybridGenericWrappers.takeSnap(HybridGenericWrappers.java:668)
at util.reporting.reportStep(reporting.java:33)
at Wrappers.HybridGenericWrappers.takeSnap(HybridGenericWrappers.java:668)
at util.reporting.reportStep(reporting.java:33)
at Wrappers.HybridGenericWrappers.takeSnap(HybridGenericWrappers.java:668)
at util.reporting.reportStep(reporting.java:33)
at Wrappers.HybridGenericWrappers.takeSnap(HybridGenericWrappers.java:668)
at util.reporting.reportStep(reporting.java:33)
at Wrappers.HybridGenericWrappers.takeSnap(HybridGenericWrappers.java:668)
at util.reporting.reportStep(reporting.java:33)
at Wrappers.HybridGenericWrappers.takeSnap(HybridGenericWrappers.java:668)
at util.reporting.reportStep(reporting.java:33)
at Wrappers.HybridGenericWrappers.takeSnap(HybridGenericWrappers.java:668)
at util.reporting.reportStep(reporting.java:33)
at Wrappers.HybridGenericWrappers.takeSnap(HybridGenericWrappers.java:668)
at util.reporting.reportStep(reporting.java:33)
at Wrappers.HybridGenericWrappers.takeSnap(HybridGenericWrappers.java:668)
at util.reporting.reportStep(reporting.java:33)
at Wrappers.HybridGenericWrappers.takeSnap(HybridGenericWrappers.java:668)
at util.reporting.reportStep(reporting.java:33)
at Wrappers.HybridGenericWrappers.takeSnap(HybridGenericWrappers.java:668)
at util.reporting.reportStep(reporting.java:33)
at Wrappers.HybridGenericWrappers.takeSnap(HybridGenericWrappers.java:668)
at util.reporting.reportStep(reporting.java:33)
at Wrappers.HybridGenericWrappers.takeSnap(HybridGenericWrappers.java:668)
at util.reporting.reportStep(reporting.java:33)
at Wrappers.HybridGenericWrappers.takeSnap(HybridGenericWrappers.java:668)
at util.reporting.reportStep(reporting.java:33)
at Wrappers.HybridGenericWrappers.takeSnap(HybridGenericWrappers.java:668)
at util.reporting.reportStep(reporting.java:33)
at Wrappers.HybridGenericWrappers.takeSnap(HybridGenericWrappers.java:668)
at util.reporting.reportStep(reporting.java:33)
at Wrappers.HybridGenericWrappers.takeSnap(HybridGenericWrappers.java:668)
at util.reporting.reportStep(reporting.java:33)
at Wrappers.HybridGenericWrappers.takeSnap(HybridGenericWrappers.java:668)
at util.reporting.reportStep(reporting.java:33)
at Wrappers.HybridGenericWrappers.takeSnap(HybridGenericWrappers.java:668)
at util.reporting.reportStep(reporting.java:33)
at Wrappers.HybridGenericWrappers.takeSnap(HybridGenericWrappers.java:668)
at util.reporting.reportStep(reporting.java:33)
at Wrappers.HybridGenericWrappers.takeSnap(HybridGenericWrappers.java:668)
at util.reporting.reportStep(reporting.java:33)
at Wrappers.HybridGenericWrappers.takeSnap(HybridGenericWrappers.java:668)
at util.reporting.reportStep(reporting.java:33)
at Wrappers.HybridGenericWrappers.takeSnap(HybridGenericWrappers.java:668)
at util.reporting.reportStep(reporting.java:33)
at Wrappers.HybridGenericWrappers.takeSnap(HybridGenericWrappers.java:668)
at util.reporting.reportStep(reporting.java:33)
at Wrappers.HybridGenericWrappers.takeSnap(HybridGenericWrappers.java:668)
at util.reporting.reportStep(reporting.java:33)
at Wrappers.HybridGenericWrappers.takeSnap(HybridGenericWrappers.java:668)
at util.reporting.reportStep(reporting.java:33)
at Wrappers.HybridGenericWrappers.takeSnap(HybridGenericWrappers.java:668)
at util.reporting.reportStep(reporting.java:33)
at Wrappers.HybridGenericWrappers.takeSnap(HybridGenericWrappers.java:668)
at util.reporting.reportStep(reporting.java:33)
at Wrappers.HybridGenericWrappers.takeSnap(HybridGenericWrappers.java:668)
at util.reporting.reportStep(reporting.java:33)
at Wrappers.HybridGenericWrappers.takeSnap(HybridGenericWrappers.java:668)
at util.reporting.reportStep(reporting.java:33)
at Wrappers.HybridGenericWrappers.takeSnap(HybridGenericWrappers.java:668)
at util.reporting.reportStep(reporting.java:33)
at Wrappers.HybridGenericWrappers.takeSnap(HybridGenericWrappers.java:668)
at util.reporting.reportStep(reporting.java:33)
at Wrappers.HybridGenericWrappers.takeSnap(HybridGenericWrappers.java:668)
at util.reporting.reportStep(reporting.java:33)
at Wrappers.HybridGenericWrappers.takeSnap(HybridGenericWrappers.java:668)
at util.reporting.reportStep(reporting.java:33)
at Wrappers.HybridGenericWrappers.takeSnap(HybridGenericWrappers.java:668)
at util.reporting.reportStep(reporting.java:33)
at Wrappers.HybridGenericWrappers.takeSnap(HybridGenericWrappers.java:668)
at util.reporting.reportStep(reporting.java:33)
at Wrappers.HybridGenericWrappers.takeSnap(HybridGenericWrappers.java:668)
at util.reporting.reportStep(reporting.java:33)
at Wrappers.HybridGenericWrappers.takeSnap(HybridGenericWrappers.java:668)
at util.reporting.reportStep(reporting.java:33)
at Wrappers.HybridGenericWrappers.takeSnap(HybridGenericWrappers.java:668)
at util.reporting.reportStep(reporting.java:33)
at Wrappers.HybridGenericWrappers.takeSnap(HybridGenericWrappers.java:668)
at util.reporting.reportStep(reporting.java:33)
at Wrappers.HybridGenericWrappers.takeSnap(HybridGenericWrappers.java:668)
at util.reporting.reportStep(reporting.java:33)
at Wrappers.HybridGenericWrappers.takeSnap(HybridGenericWrappers.java:668)
at util.reporting.reportStep(reporting.java:33)
at Wrappers.HybridGenericWrappers.takeSnap(HybridGenericWrappers.java:668)
at util.reporting.reportStep(reporting.java:33)
at Wrappers.HybridGenericWrappers.takeSnap(HybridGenericWrappers.java:668)
at util.reporting.reportStep(reporting.java:33)
at Wrappers.HybridGenericWrappers.takeSnap(HybridGenericWrappers.java:668)
at util.reporting.reportStep(reporting.java:33)
at Wrappers.HybridGenericWrappers.takeSnap(HybridGenericWrappers.java:668)
at util.reporting.reportStep(reporting.java:33)
at Wrappers.HybridGenericWrappers.takeSnap(HybridGenericWrappers.java:668)
at util.reporting.reportStep(reporting.java:33)
at Wrappers.HybridGenericWrappers.takeSnap(HybridGenericWrappers.java:668)
at util.reporting.reportStep(reporting.java:33)
at Wrappers.HybridGenericWrappers.takeSnap(HybridGenericWrappers.java:668)
at util.reporting.reportStep(reporting.java:33)
at Wrappers.HybridGenericWrappers.takeSnap(HybridGenericWrappers.java:668)
at util.reporting.reportStep(reporting.java:33)
at Wrappers.HybridGenericWrappers.takeSnap(HybridGenericWrappers.java:668)
at util.reporting.reportStep(reporting.java:33)
at Wrappers.HybridGenericWrappers.takeSnap(HybridGenericWrappers.java:668)
at util.reporting.reportStep(reporting.java:33)
at Wrappers.HybridGenericWrappers.takeSnap(HybridGenericWrappers.java:668)
at util.reporting.reportStep(reporting.java:33)
at Wrappers.HybridGenericWrappers.takeSnap(HybridGenericWrappers.java:668)
at util.reporting.reportStep(reporting.java:33)
at Wrappers.HybridGenericWrappers.takeSnap(HybridGenericWrappers.java:668)
at util.reporting.reportStep(reporting.java:33)
at Wrappers.HybridGenericWrappers.takeSnap(HybridGenericWrappers.java:668)
at util.reporting.reportStep(reporting.java:33)
at Wrappers.HybridGenericWrappers.takeSnap(HybridGenericWrappers.java:668)
at util.reporting.reportStep(reporting.java:33)
at Wrappers.HybridGenericWrappers.takeSnap(HybridGenericWrappers.java:668)
at util.reporting.reportStep(reporting.java:33)
at Wrappers.HybridGenericWrappers.takeSnap(HybridGenericWrappers.java:668)
at util.reporting.reportStep(reporting.java:33)
at Wrappers.HybridGenericWrappers.takeSnap(HybridGenericWrappers.java:668)
at util.reporting.reportStep(reporting.java:33)
at Wrappers.HybridGenericWrappers.takeSnap(HybridGenericWrappers.java:668)
at util.reporting.reportStep(reporting.java:33)
at Wrappers.HybridGenericWrappers.takeSnap(HybridGenericWrappers.java:668)
at util.reporting.reportStep(reporting.java:33)
at Wrappers.HybridGenericWrappers.takeSnap(HybridGenericWrappers.java:668)
at util.reporting.reportStep(reporting.java:33)
at Wrappers.HybridGenericWrappers.takeSnap(HybridGenericWrappers.java:668)
at util.reporting.reportStep(reporting.java:33)
at Wrappers.HybridGenericWrappers.takeSnap(HybridGenericWrappers.java:668)
at util.reporting.reportStep(reporting.java:33)
at Wrappers.HybridGenericWrappers.takeSnap(HybridGenericWrappers.java:668)
at util.reporting.reportStep(reporting.java:33)
at Wrappers.HybridGenericWrappers.takeSnap(HybridGenericWrappers.java:668)
at util.reporting.reportStep(reporting.java:33)
at Wrappers.HybridGenericWrappers.takeSnap(HybridGenericWrappers.java:668)
at util.reporting.reportStep(reporting.java:33)
at Wrappers.HybridGenericWrappers.takeSnap(HybridGenericWrappers.java:668)
at util.reporting.reportStep(reporting.java:33)
at Wrappers.HybridGenericWrappers.takeSnap(HybridGenericWrappers.java:668)
at util.reporting.reportStep(reporting.java:33)
at Wrappers.HybridGenericWrappers.takeSnap(HybridGenericWrappers.java:668)
at util.reporting.reportStep(reporting.java:33)
at Wrappers.HybridGenericWrappers.takeSnap(HybridGenericWrappers.java:668)
at util.reporting.reportStep(reporting.java:33)
at Wrappers.HybridGenericWrappers.takeSnap(HybridGenericWrappers.java:668)
at util.reporting.reportStep(reporting.java:33)
at Wrappers.HybridGenericWrappers.takeSnap(HybridGenericWrappers.java:668)
at util.reporting.reportStep(reporting.java:33)
at Wrappers.HybridGenericWrappers.takeSnap(HybridGenericWrappers.java:668)
at util.reporting.reportStep(reporting.java:33)
at Wrappers.HybridGenericWrappers.takeSnap(HybridGenericWrappers.java:668)
at util.reporting.reportStep(reporting.java:33)
at Wrappers.HybridGenericWrappers.takeSnap(HybridGenericWrappers.java:668)
at util.reporting.reportStep(reporting.java:33)
at Wrappers.HybridGenericWrappers.takeSnap(HybridGenericWrappers.java:668)
at util.reporting.reportStep(reporting.java:33)
at Wrappers.HybridGenericWrappers.takeSnap(HybridGenericWrappers.java:668)
at util.reporting.reportStep(reporting.java:33)
at Wrappers.HybridGenericWrappers.takeSnap(HybridGenericWrappers.java:668)
at util.reporting.reportStep(reporting.java:33)
at Wrappers.HybridGenericWrappers.takeSnap(HybridGenericWrappers.java:668)
at util.reporting.reportStep(reporting.java:33)
at Wrappers.HybridGenericWrappers.takeSnap(HybridGenericWrappers.java:668)
at util.reporting.reportStep(reporting.java:33)
at Wrappers.HybridGenericWrappers.takeSnap(HybridGenericWrappers.java:668)
at util.reporting.reportStep(reporting.java:33)
at Wrappers.HybridGenericWrappers.takeSnap(HybridGenericWrappers.java:668)
at util.reporting.reportStep(reporting.java:33)
at Wrappers.HybridGenericWrappers.takeSnap(HybridGenericWrappers.java:668)
at util.reporting.reportStep(reporting.java:33)
at Wrappers.HybridGenericWrappers.takeSnap(HybridGenericWrappers.java:668)
at util.reporting.reportStep(reporting.java:33)
at Wrappers.HybridGenericWrappers.takeSnap(HybridGenericWrappers.java:668)
at util.reporting.reportStep(reporting.java:33)
at Wrappers.HybridGenericWrappers.takeSnap(HybridGenericWrappers.java:668)
at util.reporting.reportStep(reporting.java:33)
at Wrappers.HybridGenericWrappers.takeSnap(HybridGenericWrappers.java:668)
at util.reporting.reportStep(reporting.java:33)
at Wrappers.HybridGenericWrappers.takeSnap(HybridGenericWrappers.java:668)
at util.reporting.reportStep(reporting.java:33)
at Wrappers.HybridGenericWrappers.takeSnap(HybridGenericWrappers.java:668)
at util.reporting.reportStep(reporting.java:33)
at Wrappers.HybridGenericWrappers.takeSnap(HybridGenericWrappers.java:668)
at util.reporting.reportStep(reporting.java:33)
at Wrappers.HybridGenericWrappers.takeSnap(HybridGenericWrappers.java:668)
at util.reporting.reportStep(reporting.java:33)
at Wrappers.HybridGenericWrappers.takeSnap(HybridGenericWrappers.java:668)
at util.reporting.reportStep(reporting.java:33)
at Wrappers.HybridGenericWrappers.takeSnap(HybridGenericWrappers.java:668)
at util.reporting.reportStep(reporting.java:33)
at Wrappers.HybridGenericWrappers.takeSnap(HybridGenericWrappers.java:668)
at util.reporting.reportStep(reporting.java:33)
at Wrappers.HybridGenericWrappers.takeSnap(HybridGenericWrappers.java:668)
at util.reporting.reportStep(reporting.java:33)
at Wrappers.HybridGenericWrappers.takeSnap(HybridGenericWrappers.java:668)
at util.reporting.reportStep(reporting.java:33)
at Wrappers.HybridGenericWrappers.takeSnap(HybridGenericWrappers.java:668)
at util.reporting.reportStep(reporting.java:33)
at Wrappers.HybridGenericWrappers.takeSnap(HybridGenericWrappers.java:668)
at util.reporting.reportStep(reporting.java:33)
at Wrappers.HybridGenericWrappers.takeSnap(HybridGenericWrappers.java:668)
at util.reporting.reportStep(reporting.java:33)
at Wrappers.HybridGenericWrappers.takeSnap(HybridGenericWrappers.java:668)
at util.reporting.reportStep(reporting.java:33)
at Wrappers.HybridGenericWrappers.takeSnap(HybridGenericWrappers.java:668)
at util.reporting.reportStep(reporting.java:33)
at Wrappers.HybridGenericWrappers.takeSnap(HybridGenericWrappers.java:668)
at util.reporting.reportStep(reporting.java:33)
at Wrappers.HybridGenericWrappers.takeSnap(HybridGenericWrappers.java:668)
at util.reporting.reportStep(reporting.java:33)
at Wrappers.HybridGenericWrappers.takeSnap(HybridGenericWrappers.java:668)
at util.reporting.reportStep(reporting.java:33)
at Wrappers.HybridGenericWrappers.takeSnap(HybridGenericWrappers.java:668)
at util.reporting.reportStep(reporting.java:33)
at Wrappers.HybridGenericWrappers.takeSnap(HybridGenericWrappers.java:668)
at util.reporting.reportStep(reporting.java:33)
at Wrappers.HybridGenericWrappers.takeSnap(HybridGenericWrappers.java:668)
at util.reporting.reportStep(reporting.java:33)
at Wrappers.HybridGenericWrappers.takeSnap(HybridGenericWrappers.java:668)
at util.reporting.reportStep(reporting.java:33)
at Wrappers.HybridGenericWrappers.takeSnap(HybridGenericWrappers.java:668)
at util.reporting.reportStep(reporting.java:33)
at Wrappers.HybridGenericWrappers.takeSnap(HybridGenericWrappers.java:668)
at util.reporting.reportStep(reporting.java:33)
at Wrappers.HybridGenericWrappers.takeSnap(HybridGenericWrappers.java:668)
at util.reporting.reportStep(reporting.java:33)
at Wrappers.HybridGenericWrappers.takeSnap(HybridGenericWrappers.java:668)
at util.reporting.reportStep(reporting.java:33)
at Wrappers.HybridGenericWrappers.takeSnap(HybridGenericWrappers.java:668)
at util.reporting.reportStep(reporting.java:33)
at Wrappers.HybridGenericWrappers.takeSnap(HybridGenericWrappers.java:668)
at util.reporting.reportStep(reporting.java:33)
at Wrappers.HybridGenericWrappers.takeSnap(HybridGenericWrappers.java:668)
at util.reporting.reportStep(reporting.java:33)
at Wrappers.HybridGenericWrappers.takeSnap(HybridGenericWrappers.java:668)
at util.reporting.reportStep(reporting.java:33)
at Wrappers.HybridGenericWrappers.takeSnap(HybridGenericWrappers.java:668)
at util.reporting.reportStep(reporting.java:33)
at Wrappers.HybridGenericWrappers.takeSnap(HybridGenericWrappers.java:668)
at util.reporting.reportStep(reporting.java:33)
at Wrappers.HybridGenericWrappers.takeSnap(HybridGenericWrappers.java:668)
at util.reporting.reportStep(reporting.java:33)
at Wrappers.HybridGenericWrappers.takeSnap(HybridGenericWrappers.java:668)
at util.reporting.reportStep(reporting.java:33)
at Wrappers.HybridGenericWrappers.takeSnap(HybridGenericWrappers.java:668)
at util.reporting.reportStep(reporting.java:33)
at Wrappers.HybridGenericWrappers.takeSnap(HybridGenericWrappers.java:668)
at util.reporting.reportStep(reporting.java:33)
at Wrappers.HybridGenericWrappers.takeSnap(HybridGenericWrappers.java:668)
at util.reporting.reportStep(reporting.java:33)
at Wrappers.HybridGenericWrappers.takeSnap(HybridGenericWrappers.java:668)
at util.reporting.reportStep(reporting.java:33)
at Wrappers.HybridGenericWrappers.takeSnap(HybridGenericWrappers.java:668)
at util.reporting.reportStep(reporting.java:33)
at Wrappers.HybridGenericWrappers.takeSnap(HybridGenericWrappers.java:668)
at util.reporting.reportStep(reporting.java:33)
at Wrappers.HybridGenericWrappers.takeSnap(HybridGenericWrappers.java:668)
at util.reporting.reportStep(reporting.java:33)
at Wrappers.HybridGenericWrappers.takeSnap(HybridGenericWrappers.java:668)
at util.reporting.reportStep(reporting.java:33)
at Wrappers.HybridGenericWrappers.takeSnap(HybridGenericWrappers.java:668)
at util.reporting.reportStep(reporting.java:33)
at Wrappers.HybridGenericWrappers.takeSnap(HybridGenericWrappers.java:668)
at util.reporting.reportStep(reporting.java:33)
at Wrappers.HybridGenericWrappers.takeSnap(HybridGenericWrappers.java:668)
at util.reporting.reportStep(reporting.java:33)
at Wrappers.HybridGenericWrappers.takeSnap(HybridGenericWrappers.java:668)
at util.reporting.reportStep(reporting.java:33)
at Wrappers.HybridGenericWrappers.takeSnap(HybridGenericWrappers.java:668)
at util.reporting.reportStep(reporting.java:33)
at Wrappers.HybridGenericWrappers.takeSnap(HybridGenericWrappers.java:668)
at util.reporting.reportStep(reporting.java:33)
at Wrappers.HybridGenericWrappers.takeSnap(HybridGenericWrappers.java:668)
at util.reporting.reportStep(reporting.java:33)
at Wrappers.HybridGenericWrappers.takeSnap(HybridGenericWrappers.java:668)
at util.reporting.reportStep(reporting.java:33)
at Wrappers.HybridGenericWrappers.takeSnap(HybridGenericWrappers.java:668)
at util.reporting.reportStep(reporting.java:33)
at Wrappers.HybridGenericWrappers.takeSnap(HybridGenericWrappers.java:668)
at util.reporting.reportStep(reporting.java:33)
at Wrappers.HybridGenericWrappers.takeSnap(HybridGenericWrappers.java:668)
at util.reporting.reportStep(reporting.java:33)
at Wrappers.HybridGenericWrappers.takeSnap(HybridGenericWrappers.java:668)
at util.reporting.reportStep(reporting.java:33)
at Wrappers.HybridGenericWrappers.takeSnap(HybridGenericWrappers.java:668)
at util.reporting.reportStep(reporting.java:33)
at Wrappers.HybridGenericWrappers.takeSnap(HybridGenericWrappers.java:668)
at util.reporting.reportStep(reporting.java:33)
at Wrappers.HybridGenericWrappers.takeSnap(HybridGenericWrappers.java:668)
at util.reporting.reportStep(reporting.java:33)
at Wrappers.HybridGenericWrappers.takeSnap(HybridGenericWrappers.java:668)
at util.reporting.reportStep(reporting.java:33)
at Wrappers.HybridGenericWrappers.takeSnap(HybridGenericWrappers.java:668)
at util.reporting.reportStep(reporting.java:33)
at Wrappers.HybridGenericWrappers.takeSnap(HybridGenericWrappers.java:668)
at util.reporting.reportStep(reporting.java:33)
at Wrappers.HybridGenericWrappers.takeSnap(HybridGenericWrappers.java:668)
at util.reporting.reportStep(reporting.java:33)
at Wrappers.HybridGenericWrappers.takeSnap(HybridGenericWrappers.java:668)
at util.reporting.reportStep(reporting.java:33)
at Wrappers.HybridGenericWrappers.takeSnap(HybridGenericWrappers.java:668)
at util.reporting.reportStep(reporting.java:33)
at Wrappers.HybridGenericWrappers.takeSnap(HybridGenericWrappers.java:668)
at util.reporting.reportStep(reporting.java:33)
at Wrappers.HybridGenericWrappers.takeSnap(HybridGenericWrappers.java:668)
at util.reporting.reportStep(reporting.java:33)
at Wrappers.HybridGenericWrappers.takeSnap(HybridGenericWrappers.java:668)
at util.reporting.reportStep(reporting.java:33)
at Wrappers.HybridGenericWrappers.takeSnap(HybridGenericWrappers.java:668)
at util.reporting.reportStep(reporting.java:33)
at Wrappers.HybridGenericWrappers.takeSnap(HybridGenericWrappers.java:668)
at util.reporting.reportStep(reporting.java:33)
at Wrappers.HybridGenericWrappers.takeSnap(HybridGenericWrappers.java:668)
at util.reporting.reportStep(reporting.java:33)
at Wrappers.HybridGenericWrappers.takeSnap(HybridGenericWrappers.java:668)
at util.reporting.reportStep(reporting.java:33)
at Wrappers.HybridGenericWrappers.takeSnap(HybridGenericWrappers.java:668)
at util.reporting.reportStep(reporting.java:33)
at Wrappers.HybridGenericWrappers.takeSnap(HybridGenericWrappers.java:668)
at util.reporting.reportStep(reporting.java:33)
at Wrappers.HybridGenericWrappers.takeSnap(HybridGenericWrappers.java:668)
at util.reporting.reportStep(reporting.java:33)
at Wrappers.HybridGenericWrappers.takeSnap(HybridGenericWrappers.java:668)
at util.reporting.reportStep(reporting.java:33)
at Wrappers.HybridGenericWrappers.takeSnap(HybridGenericWrappers.java:668)
at util.reporting.reportStep(reporting.java:33)
at Wrappers.HybridGenericWrappers.takeSnap(HybridGenericWrappers.java:668)
at util.reporting.reportStep(reporting.java:33)
at Wrappers.HybridGenericWrappers.takeSnap(HybridGenericWrappers.java:668)
at util.reporting.reportStep(reporting.java:33)
at Wrappers.HybridGenericWrappers.takeSnap(HybridGenericWrappers.java:668)
at util.reporting.reportStep(reporting.java:33)
at Wrappers.HybridGenericWrappers.takeSnap(HybridGenericWrappers.java:668)
at util.reporting.reportStep(reporting.java:33)
at Wrappers.HybridGenericWrappers.takeSnap(HybridGenericWrappers.java:668)
at util.reporting.reportStep(reporting.java:33)
at Wrappers.HybridGenericWrappers.takeSnap(HybridGenericWrappers.java:668)
at util.reporting.reportStep(reporting.java:33)
at Wrappers.HybridGenericWrappers.takeSnap(HybridGenericWrappers.java:668)
at util.reporting.reportStep(reporting.java:33)
at Wrappers.HybridGenericWrappers.takeSnap(HybridGenericWrappers.java:668)
at util.reporting.reportStep(reporting.java:33)
at Wrappers.HybridGenericWrappers.takeSnap(HybridGenericWrappers.java:668)
at util.reporting.reportStep(reporting.java:33)
at Wrappers.HybridGenericWrappers.takeSnap(HybridGenericWrappers.java:668)
at util.reporting.reportStep(reporting.java:33)
at Wrappers.HybridGenericWrappers.takeSnap(HybridGenericWrappers.java:668)
at util.reporting.reportStep(reporting.java:33)
at Wrappers.HybridGenericWrappers.takeSnap(HybridGenericWrappers.java:668)
at util.reporting.reportStep(reporting.java:33)
at Wrappers.HybridGenericWrappers.takeSnap(HybridGenericWrappers.java:668)
at util.reporting.reportStep(reporting.java:33)
at Wrappers.HybridGenericWrappers.takeSnap(HybridGenericWrappers.java:668)
at util.reporting.reportStep(reporting.java:33)
at Wrappers.HybridGenericWrappers.takeSnap(HybridGenericWrappers.java:668)
at util.reporting.reportStep(reporting.java:33)
at Wrappers.HybridGenericWrappers.takeSnap(HybridGenericWrappers.java:668)
at util.reporting.reportStep(reporting.java:33)
at Wrappers.HybridGenericWrappers.takeSnap(HybridGenericWrappers.java:668)
at util.reporting.reportStep(reporting.java:33)
at Wrappers.HybridGenericWrappers.takeSnap(HybridGenericWrappers.java:668)
at util.reporting.reportStep(reporting.java:33)
at Wrappers.HybridGenericWrappers.takeSnap(HybridGenericWrappers.java:668)
at util.reporting.reportStep(reporting.java:33)
at Wrappers.HybridGenericWrappers.takeSnap(HybridGenericWrappers.java:668)
at util.reporting.reportStep(reporting.java:33)
at Wrappers.HybridGenericWrappers.takeSnap(HybridGenericWrappers.java:668)
at util.reporting.reportStep(reporting.java:33)
at Wrappers.HybridGenericWrappers.takeSnap(HybridGenericWrappers.java:668)
at util.reporting.reportStep(reporting.java:33)
at Wrappers.HybridGenericWrappers.takeSnap(HybridGenericWrappers.java:668)
at util.reporting.reportStep(reporting.java:33)
at Wrappers.HybridGenericWrappers.takeSnap(HybridGenericWrappers.java:668)
at util.reporting.reportStep(reporting.java:33)
at Wrappers.HybridGenericWrappers.takeSnap(HybridGenericWrappers.java:668)
at util.reporting.reportStep(reporting.java:33)
at Wrappers.HybridGenericWrappers.takeSnap(HybridGenericWrappers.java:668)
at util.reporting.reportStep(reporting.java:33)
at Wrappers.HybridGenericWrappers.takeSnap(HybridGenericWrappers.java:668)
at util.reporting.reportStep(reporting.java:33)
at Wrappers.HybridGenericWrappers.takeSnap(HybridGenericWrappers.java:668)
at util.reporting.reportStep(reporting.java:33)
at Wrappers.HybridGenericWrappers.takeSnap(HybridGenericWrappers.java:668)
at util.reporting.reportStep(reporting.java:33)
at Wrappers.HybridGenericWrappers.takeSnap(HybridGenericWrappers.java:668)
at util.reporting.reportStep(reporting.java:33)
at Wrappers.HybridGenericWrappers.takeSnap(HybridGenericWrappers.java:668)
at util.reporting.reportStep(reporting.java:33)
at Wrappers.HybridGenericWrappers.takeSnap(HybridGenericWrappers.java:668)
at util.reporting.reportStep(reporting.java:33)
at Wrappers.HybridGenericWrappers.takeSnap(HybridGenericWrappers.java:668)
at util.reporting.reportStep(reporting.java:33)
at Wrappers.HybridGenericWrappers.takeSnap(HybridGenericWrappers.java:668)
at util.reporting.reportStep(reporting.java:33)
at Wrappers.HybridGenericWrappers.takeSnap(HybridGenericWrappers.java:668)
at util.reporting.reportStep(reporting.java:33)
at Wrappers.HybridGenericWrappers.takeSnap(HybridGenericWrappers.java:668)
at util.reporting.reportStep(reporting.java:33)
at Wrappers.HybridGenericWrappers.takeSnap(HybridGenericWrappers.java:668)
at util.reporting.reportStep(reporting.java:33)
at Wrappers.HybridGenericWrappers.takeSnap(HybridGenericWrappers.java:668)
at util.reporting.reportStep(reporting.java:33)
at Wrappers.HybridGenericWrappers.takeSnap(HybridGenericWrappers.java:668)
at util.reporting.reportStep(reporting.java:33)
at Wrappers.HybridGenericWrappers.takeSnap(HybridGenericWrappers.java:668)
at util.reporting.reportStep(reporting.java:33)
at Wrappers.HybridGenericWrappers.takeSnap(HybridGenericWrappers.java:668)
at util.reporting.reportStep(reporting.java:33)
at Wrappers.HybridGenericWrappers.takeSnap(HybridGenericWrappers.java:668)
at util.reporting.reportStep(reporting.java:33)
at Wrappers.HybridGenericWrappers.takeSnap(HybridGenericWrappers.java:668)
at util.reporting.reportStep(reporting.java:33)
at Wrappers.HybridGenericWrappers.takeSnap(HybridGenericWrappers.java:668)
at util.reporting.reportStep(reporting.java:33)
at Wrappers.HybridGenericWrappers.takeSnap(HybridGenericWrappers.java:668)
at util.reporting.reportStep(reporting.java:33)
at Wrappers.HybridGenericWrappers.takeSnap(HybridGenericWrappers.java:668)
at util.reporting.reportStep(reporting.java:33)
at Wrappers.HybridGenericWrappers.takeSnap(HybridGenericWrappers.java:668)
at util.reporting.reportStep(reporting.java:33)
at Wrappers.HybridGenericWrappers.takeSnap(HybridGenericWrappers.java:668)
at util.reporting.reportStep(reporting.java:33)
at Wrappers.HybridGenericWrappers.takeSnap(HybridGenericWrappers.java:668)
at util.reporting.reportStep(reporting.java:33)
at Wrappers.HybridGenericWrappers.takeSnap(HybridGenericWrappers.java:668)
at util.reporting.reportStep(reporting.java:33)
at Wrappers.HybridGenericWrappers.takeSnap(HybridGenericWrappers.java:668)
at util.reporting.reportStep(reporting.java:33)
at Wrappers.HybridGenericWrappers.takeSnap(HybridGenericWrappers.java:668)
at util.reporting.reportStep(reporting.java:33)
at Wrappers.HybridGenericWrappers.takeSnap(HybridGenericWrappers.java:668)
at util.reporting.reportStep(reporting.java:33)
at Wrappers.HybridGenericWrappers.takeSnap(HybridGenericWrappers.java:668)
at util.reporting.reportStep(reporting.java:33)
at Wrappers.HybridGenericWrappers.takeSnap(HybridGenericWrappers.java:668)
at util.reporting.reportStep(reporting.java:33)
at Wrappers.HybridGenericWrappers.takeSnap(HybridGenericWrappers.java:668)
at util.reporting.reportStep(reporting.java:33)
at Wrappers.HybridGenericWrappers.takeSnap(HybridGenericWrappers.java:668)
at util.reporting.reportStep(reporting.java:33)
at Wrappers.HybridGenericWrappers.takeSnap(HybridGenericWrappers.java:668)
at util.reporting.reportStep(reporting.java:33)
at Wrappers.HybridGenericWrappers.takeSnap(HybridGenericWrappers.java:668)
at util.reporting.reportStep(reporting.java:33)
at Wrappers.HybridGenericWrappers.takeSnap(HybridGenericWrappers.java:668)
at util.reporting.reportStep(reporting.java:33)
at Wrappers.HybridGenericWrappers.takeSnap(HybridGenericWrappers.java:668)
at util.reporting.reportStep(reporting.java:33)
at Wrappers.HybridGenericWrappers.takeSnap(HybridGenericWrappers.java:668)
at util.reporting.reportStep(reporting.java:33)
at Wrappers.HybridGenericWrappers.takeSnap(HybridGenericWrappers.java:668)
at util.reporting.reportStep(reporting.java:33)
at Wrappers.HybridGenericWrappers.takeSnap(HybridGenericWrappers.java:668)
at util.reporting.reportStep(reporting.java:33)
at Wrappers.HybridGenericWrappers.takeSnap(HybridGenericWrappers.java:668)
at util.reporting.reportStep(reporting.java:33)
at Wrappers.HybridGenericWrappers.takeSnap(HybridGenericWrappers.java:668)
at util.reporting.reportStep(reporting.java:33)
at Wrappers.HybridGenericWrappers.takeSnap(HybridGenericWrappers.java:668)
at util.reporting.reportStep(reporting.java:33)
at Wrappers.HybridGenericWrappers.takeSnap(HybridGenericWrappers.java:668)
at util.reporting.reportStep(reporting.java:33)
at Wrappers.HybridGenericWrappers.takeSnap(HybridGenericWrappers.java:668)
at util.reporting.reportStep(reporting.java:33)
at Wrappers.HybridGenericWrappers.takeSnap(HybridGenericWrappers.java:668)
at util.reporting.reportStep(reporting.java:33)
at Wrappers.HybridGenericWrappers.takeSnap(HybridGenericWrappers.java:668)
at util.reporting.reportStep(reporting.java:33)
at Wrappers.HybridGenericWrappers.takeSnap(HybridGenericWrappers.java:668)
at util.reporting.reportStep(reporting.java:33)
at Wrappers.HybridGenericWrappers.takeSnap(HybridGenericWrappers.java:668)
at util.reporting.reportStep(reporting.java:33)
at Wrappers.HybridGenericWrappers.takeSnap(HybridGenericWrappers.java:668)
at util.reporting.reportStep(reporting.java:33)
at Wrappers.HybridGenericWrappers.takeSnap(HybridGenericWrappers.java:668)
at util.reporting.reportStep(reporting.java:33)
at Wrappers.HybridGenericWrappers.takeSnap(HybridGenericWrappers.java:668)
at util.reporting.reportStep(reporting.java:33)
at Wrappers.HybridGenericWrappers.takeSnap(HybridGenericWrappers.java:668)
at util.reporting.reportStep(reporting.java:33)
at Wrappers.HybridGenericWrappers.takeSnap(HybridGenericWrappers.java:668)
at util.reporting.reportStep(reporting.java:33)
at Wrappers.HybridGenericWrappers.takeSnap(HybridGenericWrappers.java:668)
at util.reporting.reportStep(reporting.java:33)
at Wrappers.HybridGenericWrappers.takeSnap(HybridGenericWrappers.java:668)
at util.reporting.reportStep(reporting.java:33)
at Wrappers.HybridGenericWrappers.takeSnap(HybridGenericWrappers.java:668)
at util.reporting.reportStep(reporting.java:33)
at Wrappers.HybridGenericWrappers.takeSnap(HybridGenericWrappers.java:668)
at util.reporting.reportStep(reporting.java:33)
at Wrappers.HybridGenericWrappers.takeSnap(HybridGenericWrappers.java:668)
at util.reporting.reportStep(reporting.java:33)
at Wrappers.HybridGenericWrappers.takeSnap(HybridGenericWrappers.java:668)
at util.reporting.reportStep(reporting.java:33)
at Wrappers.HybridGenericWrappers.takeSnap(HybridGenericWrappers.java:668)
at util.reporting.reportStep(reporting.java:33)
at Wrappers.HybridGenericWrappers.takeSnap(HybridGenericWrappers.java:668)
at util.reporting.reportStep(reporting.java:33)
at Wrappers.HybridGenericWrappers.takeSnap(HybridGenericWrappers.java:668)
at util.reporting.reportStep(reporting.java:33)
at Wrappers.HybridGenericWrappers.takeSnap(HybridGenericWrappers.java:668)
at util.reporting.reportStep(reporting.java:33)
at Wrappers.HybridGenericWrappers.takeSnap(HybridGenericWrappers.java:668)
at util.reporting.reportStep(reporting.java:33)
at Wrappers.HybridGenericWrappers.takeSnap(HybridGenericWrappers.java:668)
at util.reporting.reportStep(reporting.java:33)
at Wrappers.HybridGenericWrappers.takeSnap(HybridGenericWrappers.java:668)
at util.reporting.reportStep(reporting.java:33)
at Wrappers.HybridGenericWrappers.takeSnap(HybridGenericWrappers.java:668)
at util.reporting.reportStep(reporting.java:33)
at Wrappers.HybridGenericWrappers.takeSnap(HybridGenericWrappers.java:668)
at util.reporting.reportStep(reporting.java:33)
at Wrappers.HybridGenericWrappers.takeSnap(HybridGenericWrappers.java:668)
at util.reporting.reportStep(reporting.java:33)
at Wrappers.HybridGenericWrappers.takeSnap(HybridGenericWrappers.java:668)
at util.reporting.reportStep(reporting.java:33)
at Wrappers.HybridGenericWrappers.takeSnap(HybridGenericWrappers.java:668)
at util.reporting.reportStep(reporting.java:33)
at Wrappers.HybridGenericWrappers.takeSnap(HybridGenericWrappers.java:668)
at util.reporting.reportStep(reporting.java:33)
at Wrappers.HybridGenericWrappers.takeSnap(HybridGenericWrappers.java:668)
at util.reporting.reportStep(reporting.java:33)
at Wrappers.HybridGenericWrappers.takeSnap(HybridGenericWrappers.java:668)
at util.reporting.reportStep(reporting.java:33)
at Wrappers.HybridGenericWrappers.takeSnap(HybridGenericWrappers.java:668)
at util.reporting.reportStep(reporting.java:33)
at Wrappers.HybridGenericWrappers.takeSnap(HybridGenericWrappers.java:668)
at util.reporting.reportStep(reporting.java:33)
at Wrappers.HybridGenericWrappers.takeSnap(HybridGenericWrappers.java:668)
at util.reporting.reportStep(reporting.java:33)
at Wrappers.HybridGenericWrappers.takeSnap(HybridGenericWrappers.java:668)
at util.reporting.reportStep(reporting.java:33)
at Wrappers.HybridGenericWrappers.takeSnap(HybridGenericWrappers.java:668)
at util.reporting.reportStep(reporting.java:33)
at Wrappers.HybridGenericWrappers.takeSnap(HybridGenericWrappers.java:668)
at util.reporting.reportStep(reporting.java:33)
at Wrappers.HybridGenericWrappers.takeSnap(HybridGenericWrappers.java:668)
at util.reporting.reportStep(reporting.java:33)
at Wrappers.HybridGenericWrappers.takeSnap(HybridGenericWrappers.java:668)
at util.reporting.reportStep(reporting.java:33)
at Wrappers.HybridGenericWrappers.takeSnap(HybridGenericWrappers.java:668)
at util.reporting.reportStep(reporting.java:33)
at Wrappers.HybridGenericWrappers.takeSnap(HybridGenericWrappers.java:668)
at util.reporting.reportStep(reporting.java:33)
at Wrappers.HybridGenericWrappers.takeSnap(HybridGenericWrappers.java:668)
at util.reporting.reportStep(reporting.java:33)
at Wrappers.HybridGenericWrappers.takeSnap(HybridGenericWrappers.java:668)
at util.reporting.reportStep(reporting.java:33)
at Wrappers.HybridGenericWrappers.takeSnap(HybridGenericWrappers.java:668)
at util.reporting.reportStep(reporting.java:33)
at Wrappers.HybridGenericWrappers.takeSnap(HybridGenericWrappers.java:668)
at util.reporting.reportStep(reporting.java:33)
at Wrappers.HybridGenericWrappers.takeSnap(HybridGenericWrappers.java:668)
at util.reporting.reportStep(reporting.java:33)
at Wrappers.HybridGenericWrappers.takeSnap(HybridGenericWrappers.java:668)
at util.reporting.reportStep(reporting.java:33)
at Wrappers.HybridGenericWrappers.takeSnap(HybridGenericWrappers.java:668)
at util.reporting.reportStep(reporting.java:33)
at Wrappers.HybridGenericWrappers.takeSnap(HybridGenericWrappers.java:668)
at util.reporting.reportStep(reporting.java:33)
at Wrappers.HybridGenericWrappers.takeSnap(HybridGenericWrappers.java:668)
at util.reporting.reportStep(reporting.java:33)
at Wrappers.HybridGenericWrappers.takeSnap(HybridGenericWrappers.java:668)
at util.reporting.reportStep(reporting.java:33)
at Wrappers.HybridGenericWrappers.takeSnap(HybridGenericWrappers.java:668)
at util.reporting.reportStep(reporting.java:33)
at Wrappers.HybridGenericWrappers.takeSnap(HybridGenericWrappers.java:668)
at util.reporting.reportStep(reporting.java:33)
at Wrappers.HybridGenericWrappers.takeSnap(HybridGenericWrappers.java:668)
at util.reporting.reportStep(reporting.java:33)
at Wrappers.HybridGenericWrappers.takeSnap(HybridGenericWrappers.java:668)
at util.reporting.reportStep(reporting.java:33)
at Wrappers.HybridGenericWrappers.takeSnap(HybridGenericWrappers.java:668)
at util.reporting.reportStep(reporting.java:33)
at Wrappers.HybridGenericWrappers.takeSnap(HybridGenericWrappers.java:668)
at util.reporting.reportStep(reporting.java:33)
at Wrappers.HybridGenericWrappers.takeSnap(HybridGenericWrappers.java:668)
at util.reporting.reportStep(reporting.java:33)
at Wrappers.HybridGenericWrappers.takeSnap(HybridGenericWrappers.java:668)
at util.reporting.reportStep(reporting.java:33)
at Wrappers.HybridGenericWrappers.takeSnap(HybridGenericWrappers.java:668)
at util.reporting.reportStep(reporting.java:33)
at Wrappers.HybridGenericWrappers.takeSnap(HybridGenericWrappers.java:668)
at util.reporting.reportStep(reporting.java:33)
at Wrappers.HybridGenericWrappers.takeSnap(HybridGenericWrappers.java:668)
at util.reporting.reportStep(reporting.java:33)
at Wrappers.HybridGenericWrappers.takeSnap(HybridGenericWrappers.java:668)
at util.reporting.reportStep(reporting.java:33)
at Wrappers.HybridGenericWrappers.takeSnap(HybridGenericWrappers.java:668)
at util.reporting.reportStep(reporting.java:33)
at Wrappers.HybridGenericWrappers.takeSnap(HybridGenericWrappers.java:668)
at util.reporting.reportStep(reporting.java:33)
at Wrappers.HybridGenericWrappers.takeSnap(HybridGenericWrappers.java:668)
at util.reporting.reportStep(reporting.java:33)
at Wrappers.HybridGenericWrappers.takeSnap(HybridGenericWrappers.java:668)
at util.reporting.reportStep(reporting.java:33)
at Wrappers.HybridGenericWrappers.takeSnap(HybridGenericWrappers.java:668)
at util.reporting.reportStep(reporting.java:33)
at Wrappers.HybridGenericWrappers.takeSnap(HybridGenericWrappers.java:668)
at util.reporting.reportStep(reporting.java:33)
at Wrappers.HybridGenericWrappers.takeSnap(HybridGenericWrappers.java:668)
at util.reporting.reportStep(reporting.java:33)
at Wrappers.HybridGenericWrappers.takeSnap(HybridGenericWrappers.java:668)
at util.reporting.reportStep(reporting.java:33)
at Wrappers.HybridGenericWrappers.takeSnap(HybridGenericWrappers.java:668)
at util.reporting.reportStep(reporting.java:33)
at Wrappers.HybridGenericWrappers.takeSnap(HybridGenericWrappers.java:668)
at util.reporting.reportStep(reporting.java:33)
at Wrappers.HybridGenericWrappers.takeSnap(HybridGenericWrappers.java:668)
at util.reporting.reportStep(reporting.java:33)
at Wrappers.HybridGenericWrappers.takeSnap(HybridGenericWrappers.java:668)
at util.reporting.reportStep(reporting.java:33)
at Wrappers.HybridGenericWrappers.takeSnap(HybridGenericWrappers.java:668)
at util.reporting.reportStep(reporting.java:33)
at Wrappers.HybridGenericWrappers.takeSnap(HybridGenericWrappers.java:668)
at util.reporting.reportStep(reporting.java:33)
at Wrappers.HybridGenericWrappers.takeSnap(HybridGenericWrappers.java:668)
at util.reporting.reportStep(reporting.java:33)
at Wrappers.HybridGenericWrappers.takeSnap(HybridGenericWrappers.java:668)
at util.reporting.reportStep(reporting.java:33)
at Wrappers.HybridGenericWrappers.takeSnap(HybridGenericWrappers.java:668)
at util.reporting.reportStep(reporting.java:33)
at Wrappers.HybridGenericWrappers.takeSnap(HybridGenericWrappers.java:668)
at util.reporting.reportStep(reporting.java:33)
at Wrappers.HybridGenericWrappers.takeSnap(HybridGenericWrappers.java:668)
at util.reporting.reportStep(reporting.java:33)
at Wrappers.HybridGenericWrappers.takeSnap(HybridGenericWrappers.java:668)
at util.reporting.reportStep(reporting.java:33)
at Wrappers.HybridGenericWrappers.takeSnap(HybridGenericWrappers.java:668)
at util.reporting.reportStep(reporting.java:33)
at Wrappers.HybridGenericWrappers.takeSnap(HybridGenericWrappers.java:668)
at util.reporting.reportStep(reporting.java:33)
at Wrappers.HybridGenericWrappers.takeSnap(HybridGenericWrappers.java:668)
at util.reporting.reportStep(reporting.java:33)
at Wrappers.HybridGenericWrappers.takeSnap(HybridGenericWrappers.java:668)
at util.reporting.reportStep(reporting.java:33)
at Wrappers.HybridGenericWrappers.takeSnap(HybridGenericWrappers.java:668)
at util.reporting.reportStep(reporting.java:33)
at Wrappers.HybridGenericWrappers.takeSnap(HybridGenericWrappers.java:668)
at util.reporting.reportStep(reporting.java:33)
at Wrappers.HybridGenericWrappers.takeSnap(HybridGenericWrappers.java:668)
at util.reporting.reportStep(reporting.java:33)
at Wrappers.HybridGenericWrappers.takeSnap(HybridGenericWrappers.java:668)
at util.reporting.reportStep(reporting.java:33)
at Wrappers.HybridGenericWrappers.takeSnap(HybridGenericWrappers.java:668)
at util.reporting.reportStep(reporting.java:33)
at Wrappers.HybridGenericWrappers.takeSnap(HybridGenericWrappers.java:668)
at util.reporting.reportStep(reporting.java:33)
at Wrappers.HybridGenericWrappers.takeSnap(HybridGenericWrappers.java:668)
at util.reporting.reportStep(reporting.java:33)
at Wrappers.HybridGenericWrappers.takeSnap(HybridGenericWrappers.java:668)
at util.reporting.reportStep(reporting.java:33)
at Wrappers.HybridGenericWrappers.takeSnap(HybridGenericWrappers.java:668)
at util.reporting.reportStep(reporting.java:33)
at Wrappers.HybridGenericWrappers.takeSnap(HybridGenericWrappers.java:668)
at util.reporting.reportStep(reporting.java:33)
at Wrappers.HybridGenericWrappers.takeSnap(HybridGenericWrappers.java:668)
at util.reporting.reportStep(reporting.java:33)
]]>
    </error>
  </testcase> <!-- afterMethod -->
  <testcase classname="POTestcases.FBRegistrationPageTestCase" name="FBRegistrationPageTestCase" time="0.000">
    <skipped/>
  </testcase> <!-- FBRegistrationPageTestCase -->
</testsuite> <!-- POTestcases.FBRegistrationPageTestCase -->
